5 processes 10
0.003065824508666992
5 processes 10
0.0027136802673339844
5 processes 10
0.002700328826904297
5 processes 50
0.014235973358154297
5 processes 50
0.012899160385131836
5 processes 50
0.012520074844360352
5 processes 100
0.038198232650756836
5 processes 100
0.036570072174072266
5 processes 100
0.04333090782165527
5 processes 500
0.7419519424438477
5 processes 500
0.779512882232666
5 processes 500
0.7758424282073975
5 processes 1000
3.033679962158203
5 processes 1000
2.9803361892700195
5 processes 1000
3.5586109161376953
