35 processes 10
0.008212804794311523
35 processes 10
0.007919788360595703
35 processes 10
0.007870912551879883
35 processes 50
0.012869119644165039
35 processes 50
0.01250314712524414
35 processes 50
0.012454032897949219
35 processes 100
0.018837928771972656
35 processes 100
0.019139766693115234
35 processes 100
0.01900625228881836
35 processes 500
0.16471529006958008
35 processes 500
0.16450905799865723
35 processes 500
0.17511749267578125
35 processes 1000
0.6314568519592285
35 processes 1000
0.6075458526611328
35 processes 1000
0.5916025638580322
