5 processes 10
0.005296945571899414
5 processes 10
0.0052318572998046875
5 processes 10
0.005347251892089844
5 processes 50
0.01641082763671875
5 processes 50
0.01682424545288086
5 processes 50
0.01600337028503418
5 processes 100
0.04703330993652344
5 processes 100
0.04540276527404785
5 processes 100
0.043215036392211914
5 processes 500
0.8792531490325928
5 processes 500
0.8940050601959229
5 processes 500
0.8962180614471436
5 processes 1000
3.747670888900757
5 processes 1000
3.420531988143921
5 processes 1000
3.4922850131988525
