25 processes 10
0.007232189178466797
25 processes 10
0.00659632682800293
25 processes 10
0.00644683837890625
25 processes 50
0.011313915252685547
25 processes 50
0.011165142059326172
25 processes 50
0.010582208633422852
25 processes 100
0.01754903793334961
25 processes 100
0.017638206481933594
25 processes 100
0.0173799991607666
25 processes 500
0.19965171813964844
25 processes 500
0.19880366325378418
25 processes 500
0.19726896286010742
25 processes 1000
0.7398622035980225
25 processes 1000
0.7028143405914307
25 processes 1000
0.717998743057251
