30 processes 10
0.006972789764404297
30 processes 10
0.006698131561279297
30 processes 10
0.006763935089111328
30 processes 50
0.011143207550048828
30 processes 50
0.011186599731445312
30 processes 50
0.011485099792480469
30 processes 100
0.017185449600219727
30 processes 100
0.017370939254760742
30 processes 100
0.017308712005615234
30 processes 500
0.1732633113861084
30 processes 500
0.17429590225219727
30 processes 500
0.16514992713928223
30 processes 1000
0.6706209182739258
30 processes 1000
0.5837650299072266
30 processes 1000
0.6758441925048828
