10 threads 1 - 10000 bodies
0.345880351960659
0.11795645579695702
0.13069415464997292
0.11802800372242928
0.11789548769593239
0.1188349574804306
0.12956708297133446
0.12169745564460754
0.13561654090881348
0.13635046407580376
0.15670833364129066
0.19146493449807167
0.23482318222522736
0.17953212186694145
0.185957133769989
0.2131860964000225
0.22755911573767662
0.20543458685278893
0.24546859040856361
0.3768327422440052
0.5288840085268021
0.7018798962235451
0.8862925097346306
1.165536541491747
1.4779398702085018
1.7214129157364368
2.09575217962265
2.5103502236306667
8.238821011036634
16.740474954247475
28.09758034348488
42.08630310371518
59.905041605234146
77.56919865682721
99.28872391581535
129.793916977942
165.3762852102518
