10 threads 1 - 10000 bodies
0.2876678295433521
0.12826427444815636
0.12653912603855133
0.1338431015610695
0.13162566348910332
0.14267955347895622
0.12640957534313202
0.1470014713704586
0.14671536162495613
0.14303301647305489
0.15036841854453087
0.18672218546271324
0.22094735503196716
0.17020442709326744
0.20506910979747772
0.2112939953804016
0.2506297640502453
0.22957510873675346
0.23239625245332718
0.38000835478305817
0.5604382306337357
0.7232206724584103
0.8975839391350746
1.2062410376966
1.4497706294059753
1.772990606725216
2.032188769429922
2.5699452199041843
8.36071751639247
16.39155387878418
28.01029510051012
41.155261874198914
58.94028138369322
75.2377147115767
103.87238392606378
125.13085723295808
150.88867101445794
