10 threads 1 - 10000 bodies
0.29195810854434967
0.13083254918456078
0.13279513269662857
0.14440307393670082
0.1366463005542755
0.14901182055473328
0.13231929764151573
0.13795392587780952
0.14380291104316711
0.14709512889385223
0.16538282483816147
0.19834823533892632
0.2235466167330742
0.19490694999694824
0.20899171382188797
0.2398475594818592
0.25821930542588234
0.22752492874860764
0.23828523606061935
0.40698227286338806
0.5939188972115517
0.7611169330775738
1.0012961104512215
1.2845910340547562
1.8725494630634785
2.097187362611294
2.466706484556198
3.019866421818733
9.227843299508095
19.033970315009356
31.561720110476017
49.11156915873289
64.4243797622621
86.50890954211354
111.88645945116878
140.18749744072556
164.34428191184998
