12 processes 1-10000 bodies
0.0023200511932373047
0.0024111270904541016
0.002434968948364258
0.002572298049926758
0.0027039051055908203
0.002803802490234375
0.0029065608978271484
0.0030341148376464844
0.003106832504272461
0.05111217498779297
0.020039081573486328
0.005492210388183594
0.007217884063720703
0.009327411651611328
0.03863883018493652
0.02808523178100586
0.09142494201660156
0.017894506454467773
0.02104496955871582
0.10687780380249023
0.1359548568725586
0.22297382354736328
0.34012699127197266
0.5397512912750244
0.6333591938018799
0.9340560436248779
1.0824389457702637
1.2751522064208984
5.783831834793091
11.441688060760498
19.77605104446411
30.282289028167725
42.93574094772339
63.42482089996338
89.62940573692322
100.77714133262634
124.24573755264282
