12 processes 1-10000 bodies
0.002176523208618164
0.0022957324981689453
0.0024993419647216797
0.002513885498046875
0.0026280879974365234
0.0028302669525146484
0.03299069404602051
0.03375673294067383
0.003081083297729492
0.0031871795654296875
0.025112152099609375
0.005566120147705078
0.027920246124267578
0.009163141250610352
0.01037287712097168
0.013098001480102539
0.015254974365234375
0.01888585090637207
0.02138519287109375
0.06177091598510742
0.12614798545837402
0.22060799598693848
0.3486673831939697
0.511681318283081
0.6316561698913574
0.8329238891601562
1.1001472473144531
1.2535903453826904
5.151870489120483
12.27147626876831
19.74332904815674
30.726789951324463
43.107500314712524
61.19339323043823
78.88884711265564
117.48423361778259
121.7779393196106
