12 processes 1-10000 bodies
0.002161741256713867
0.0023670196533203125
0.01657414436340332
0.01908731460571289
0.002721071243286133
0.08420109748840332
0.0029990673065185547
0.0029981136322021484
0.003123044967651367
0.03402256965637207
0.004331111907958984
0.005616903305053711
0.00762176513671875
0.045163631439208984
0.053117990493774414
0.01263117790222168
0.03965020179748535
0.017962932586669922
0.020655393600463867
0.08543229103088379
0.15921854972839355
0.22159051895141602
0.3358168601989746
0.46497511863708496
0.6541843414306641
0.8117470741271973
1.0831751823425293
1.2689013481140137
5.21004056930542
11.116191864013672
21.414432287216187
32.85502600669861
42.981205463409424
62.242539405822754
90.90593194961548
99.70665526390076
122.24539065361023
