Lmod has detected the following error: The following module(s) are unknown:
"languages/anaconda/2020-3.8.5"

Please check the spelling or version number. Also try "module spider ..."
It is also possible your cache file is out-of-date; it may help to try:
  $ module --ignore_cache load "languages/anaconda/2020-3.8.5"

Also make sure that all modulefiles written in TCL start with the string
#%Module



12 threads 1 - 10000 bodies
0.3472018465399742
0.14847442135214806
0.171161737293005
0.15136479958891869
0.166377242654562
0.15481718629598618
0.15588107332587242
0.1556001976132393
0.15793074667453766
0.15748591348528862
0.18253356590867043
0.20090634003281593
0.24532053992152214
0.210377287119627
0.2374781332910061
0.2578592672944069
0.2689591199159622
0.2799255885183811
0.25423989817500114
0.4171888418495655
0.5565266385674477
0.7756169773638248
0.9552241042256355
1.1993040032684803
1.562876682728529
1.8992920108139515
2.2794688791036606
2.5301520004868507
7.711691524833441
15.582170560956001
28.09561461210251
39.73188059031963
56.57956652343273
74.1526443772018
89.87604236602783
120.48301455751061
136.93580901250243
