Lmod has detected the following error: The following module(s) are unknown:
"languages/anaconda/2020-3.8.5"

Please check the spelling or version number. Also try "module spider ..."
It is also possible your cache file is out-of-date; it may help to try:
  $ module --ignore_cache load "languages/anaconda/2020-3.8.5"

Also make sure that all modulefiles written in TCL start with the string
#%Module



12 threads 1 - 10000 bodies
0.28990940377116203
0.13493778184056282
0.14104900136590004
0.1406269632279873
0.1383536085486412
0.152181226760149
0.1639651246368885
0.14665500447154045
0.14863038063049316
0.16249194368720055
0.16286737844347954
0.19358260557055473
0.23486139252781868
0.18920374289155006
0.20281510800123215
0.2243432253599167
0.25474677234888077
0.3002198152244091
0.2733996771275997
0.3868261128664017
0.5480130650103092
0.725946206599474
0.9227006174623966
1.1510044410824776
1.3886234275996685
1.7072910703718662
2.0668767169117928
2.385898571461439
7.15210735052824
14.105109106749296
23.22036885842681
41.43155651912093
53.09636566787958
65.74715065211058
88.87366143241525
103.4414239153266
129.51641642302275
