Lmod has detected the following error: The following module(s) are unknown:
"languages/anaconda/2020-3.8.5"

Please check the spelling or version number. Also try "module spider ..."
It is also possible your cache file is out-of-date; it may help to try:
  $ module --ignore_cache load "languages/anaconda/2020-3.8.5"

Also make sure that all modulefiles written in TCL start with the string
#%Module



12 threads 1 - 10000 bodies
0.3220902606844902
0.1426735371351242
0.1577686406672001
0.1654105968773365
0.15968763828277588
0.16406763717532158
0.14435822516679764
0.15803955495357513
0.14874226227402687
0.15181807056069374
0.19371958076953888
0.21795620024204254
0.2199796624481678
0.1872292123734951
0.2117413394153118
0.2603881433606148
0.24982896074652672
0.27599843218922615
0.24557221680879593
0.4091603718698025
0.5408134907484055
0.7480042986571789
0.9409710317850113
1.2052486278116703
1.4561691954731941
1.7272943295538425
2.1809649504721165
2.363161511719227
7.083939086645842
14.181945238262415
24.022508416324854
34.72996913269162
49.60416642948985
63.92370394617319
83.212721131742
112.32447963953018
127.0794078335166
