1 threads 1 - 10000 bodies
4.739832405000925
3.856109172105789
3.0083340778946877
3.658572304993868
5.007552664726973
3.5382529087364674
3.6309999637305737
3.4859129153192043
2.587312627583742
4.3564257472753525
3.886610474437475
1.3151127696037292
3.464453488588333
5.755842447280884
5.401972059160471
2.4869177863001823
4.061846826225519
6.631757717579603
4.637021489441395
7.307008296251297
2.3599425479769707
5.676036015152931
8.010089077055454
9.2026127576828
11.467574641108513
10.964470990002155
15.51866453140974
19.38685481622815
58.34233025833964
132.2576537206769
234.0218268148601
377.57246977463365
516.9802892096341
739.0644281990826
938.1369568370283
1156.8568610921502
1473.632756780833
