1 threads 1 - 10000 bodies
4.449070952832699
2.8559371270239353
7.107581127434969
3.0573320277035236
5.49007860943675
4.5347855389118195
5.443725295364857
4.289106357842684
6.033508036285639
6.854432627558708
3.9586987160146236
4.912578493356705
2.4958426393568516
4.556761033833027
3.418868739157915
3.55855418369174
4.104914825409651
3.6434592492878437
5.14105286821723
5.172835536301136
2.408781886100769
6.983287401497364
10.023190718144178
11.547030601650476
13.467944003641605
12.212425872683525
14.01793035119772
18.936842907220125
57.66697108000517
131.4785162359476
246.65881076082587
373.2051397971809
522.9274619966745
741.9196341224015
961.2544193975627
1147.8974862024188
1509.999286942184
