1 threads 1 - 10000 bodies
5.3995287381112576
4.103514019399881
4.957243703305721
4.407066188752651
2.454154346138239
4.6096979938447475
2.1607713997364044
6.366339650005102
6.046958390623331
3.160438008606434
8.10639788210392
3.7065405435860157
8.75659966468811
2.5547936223447323
5.523811735212803
2.6363134160637856
6.458121165633202
4.269388675689697
4.699259866029024
7.210736658424139
2.26423642039299
8.378232307732105
7.984389394521713
9.233143359422684
10.34355578199029
13.776973508298397
14.522718008607626
21.439443044364452
58.35788619145751
146.40266355872154
236.71347319334745
364.8313571624458
519.4257302284241
721.555457379669
901.2155884876847
1184.3720934167504
1516.1343943066895
