2 threads 1 - 10000 bodies
0.059520699083805084
0.12816251441836357
0.11149822920560837
0.1716938465833664
0.14601032808423042
0.28372618183493614
0.15733766928315163
0.2622530907392502
0.1966612972319126
0.21010948345065117
0.33012526482343674
0.21750640124082565
0.3503277227282524
0.17396478354930878
0.2648865580558777
0.2550254799425602
0.313495971262455
0.33727559819817543
0.3425614684820175
0.6072719618678093
1.057589452713728
1.9159794710576534
2.5495364256203175
3.4529147781431675
4.576316010206938
5.512540683150291
6.350771531462669
8.312916979193687
31.247322089970112
70.96696999669075
121.04792705178261
189.13623869791627
263.7932606972754
359.1242323592305
465.42509023472667
670.1648237481713
749.9741129167378
