2 threads 1 - 10000 bodies
0.05810634791851044
0.1503693051636219
0.09118811786174774
0.16956720873713493
0.2064885050058365
0.3201373293995857
0.29843514785170555
0.3173300065100193
0.18486298248171806
0.18305622413754463
0.12043885886669159
0.3013487569987774
0.17108245193958282
0.21755209937691689
0.23314325511455536
0.27125684916973114
0.40246931090950966
0.29132552817463875
0.28443990647792816
0.6231623366475105
1.0390896946191788
1.9903737530112267
2.528862901031971
3.4636109098792076
3.9132516719400883
5.715570241212845
6.784279350191355
8.47276058793068
29.806569430977106
71.64387490972877
120.29677346721292
187.35548366978765
259.2683012112975
348.2146719992161
464.00394720211625
599.2815550230443
737.6354226954281
