2 threads 1 - 10000 bodies
0.056419357657432556
0.16266685351729393
0.13206082209944725
0.20423252880573273
0.20513756200671196
0.19215801358222961
0.21846402436494827
0.14133157953619957
0.19924994558095932
0.1453772932291031
0.21396388113498688
0.2198779284954071
0.2961244620382786
0.2579444348812103
0.22679907456040382
0.2782403565943241
0.29670851305127144
0.2647029273211956
0.3049364238977432
0.6117799878120422
1.029395878314972
1.8639269471168518
2.5843335390090942
3.392307460308075
4.472166523337364
5.7209524773061275
6.948860347270966
7.8238334357738495
31.179848067462444
70.32924551144242
122.11252402886748
186.27465626224875
271.18975370004773
376.7865748293698
475.5470457226038
591.3369093500078
748.7083698660135
