2 threads 1 - 10000 bodies
0.07998828589916229
0.08173909038305283
0.09462805464863777
0.12229052931070328
0.08700081706047058
0.34513141587376595
0.1531892865896225
0.11761512979865074
0.15826182067394257
0.10551363602280617
0.14181797578930855
0.1329701468348503
0.36975616216659546
0.15600111708045006
0.1397327147424221
0.17417559772729874
0.17095569521188736
0.24762338399887085
0.3430693559348583
0.5455046631395817
0.8093420788645744
1.5897438414394855
1.9937400557100773
2.28947364538908
3.2232258319854736
3.981096226722002
4.79567463696003
6.04952934011817
17.700989101082087
48.31753617152572
75.77520762011409
105.62698378786445
157.22630297765136
206.40504407137632
264.78673600405455
354.3107040114701
489.12913570180535
