2 threads 1 - 10000 bodies
0.08198057487607002
0.07969555631279945
0.07657033577561378
0.11997812241315842
0.12454608455300331
0.11009673401713371
0.09291763231158257
0.08809249848127365
0.08074795827269554
0.08880963176488876
0.08651403710246086
0.10388805344700813
0.10958916321396828
0.12762083858251572
0.13081306219100952
0.1384357400238514
0.15766903012990952
0.1509079411625862
0.18197691813111305
0.35968901589512825
0.6087014637887478
1.020780112594366
1.4332679398357868
1.8301150873303413
2.4654997028410435
3.2033314295113087
3.768042888492346
4.768912348896265
18.01000453531742
35.94233814254403
65.14730132371187
99.9887125492096
132.74625594168901
199.27184037864208
244.33534676209092
299.29202433303
361.4501303359866
