2 threads 1 - 10000 bodies
0.07227401062846184
0.07346179708838463
0.08070226386189461
0.1725688837468624
0.10051048919558525
0.11862898617982864
0.09799478203058243
0.09255685657262802
0.08601640164852142
0.08583182096481323
0.09453276917338371
0.10628972202539444
0.10632660984992981
0.12014156579971313
0.12698490545153618
0.13812627643346786
0.14394139871001244
0.15337052196264267
0.1719944328069687
0.385118767619133
0.6412308849394321
0.9881199970841408
1.446923203766346
2.036271780729294
2.5788341648876667
3.546727776527405
3.691524889320135
4.5720416978001595
18.001679379492998
35.916198913007975
62.968515891581774
92.90437936782837
139.4241458363831
177.1943333595991
234.39357606321573
298.55480401590466
370.82239792123437
