2 threads 1 - 10000 bodies
0.09060350432991982
0.09538424760103226
0.08954048156738281
0.10397293791174889
0.08887392282485962
0.09030063450336456
0.13674527406692505
0.1035480797290802
0.14289294928312302
0.15789029747247696
0.12257629632949829
0.11568240448832512
0.12564226612448692
0.1279057376086712
0.14225797727704048
0.15363654866814613
0.1559971496462822
0.171601053327322
0.1708040088415146
0.3448375463485718
0.4909176751971245
0.7696516923606396
1.0538672395050526
1.4273652657866478
1.7733892537653446
2.221408322453499
2.7705828100442886
3.355315174907446
12.362667754292488
26.728402722626925
41.74516020715237
65.31597411632538
91.09892667457461
123.80937783420086
163.58401475474238
203.27258218824863
255.6811652034521
