2 threads 1 - 10000 bodies
0.09891630336642265
0.10186617448925972
0.0909385122358799
0.09969744458794594
0.0964897871017456
0.10103535279631615
0.09599334374070168
0.11324545741081238
0.10933420434594154
0.11286041513085365
0.13932494446635246
0.12393421679735184
0.14092963561415672
0.17052996158599854
0.13841253891587257
0.15892428904771805
0.15578903630375862
0.18177181854844093
0.17492803931236267
0.3279316574335098
0.5048920437693596
0.7633737847208977
1.096095748245716
1.4264873266220093
1.8729095607995987
2.3278365470469
2.7078512385487556
3.3223989456892014
11.163501214236021
24.75438391417265
42.58944722265005
62.44107214733958
92.14325468614697
121.9134113676846
162.87590685114264
203.76126749813557
250.7159710302949
