2 threads 1 - 10000 bodies
0.10383579134941101
0.08606801554560661
0.08930475637316704
0.10334574431180954
0.093563511967659
0.10178547725081444
0.09799828380346298
0.12779485061764717
0.11623772606253624
0.1163964606821537
0.13505727425217628
0.1236335001885891
0.12375570088624954
0.12257513031363487
0.1388782225549221
0.15502871200442314
0.14772037416696548
0.16835907474160194
0.16521408781409264
0.3256780169904232
0.5257035419344902
0.7339244894683361
1.0449640043079853
1.4114161096513271
1.7945535480976105
2.3064856082201004
2.627052303403616
3.3171454407274723
11.826570607721806
26.515569925308228
41.409818932414055
64.46939273551106
92.31786509603262
129.60722859576344
160.83380619063973
203.54431150853634
257.79062563180923
