8 threads 1 - 10000 bodies
0.11369714885950089
0.10474563017487526
0.10513677448034286
0.10505262389779091
0.105603888630867
0.11118358746170998
0.11255168914794922
0.13574007153511047
0.1368151605129242
0.12931730970740318
0.13535644114017487
0.15586389228701591
0.15329693257808685
0.15252969786524773
0.17579539120197296
0.16618263348937035
0.1796383485198021
0.2089405246078968
0.2046191804111004
0.32498785480856895
0.4706823453307152
0.6775535680353642
0.9853941649198532
1.2040302641689777
1.5517019927501678
1.9756942093372345
2.351188510656357
2.7406219579279423
9.727540377527475
18.018537163734436
33.43314768001437
49.188142508268356
69.89862317591906
99.30311126634479
119.11163499578834
161.25024171173573
189.06638468801975
