8 threads 1 - 10000 bodies
0.10581353679299355
0.10892264544963837
0.12129029631614685
0.11128636822104454
0.10865718871355057
0.11532270535826683
0.11834472045302391
0.11316612735390663
0.1330387331545353
0.1401638425886631
0.1474001109600067
0.1804664470255375
0.1468612663447857
0.1679149679839611
0.17397453263401985
0.17065354809165
0.19308818876743317
0.19621719419956207
0.20618469268083572
0.32219118624925613
0.49654677137732506
0.7113139107823372
0.9797179251909256
1.2577551156282425
1.6361513994634151
1.9257456101477146
2.272840153425932
2.922723039984703
9.634089510887861
18.808076310902834
32.533554300665855
48.07761178165674
69.61974436789751
95.36935656517744
123.38840800523758
173.39799374714494
186.1440870463848
