8 threads 1 - 10000 bodies
0.11392553150653839
0.11506681516766548
0.11343605071306229
0.11666610091924667
0.16436368972063065
0.12753190100193024
0.11947942152619362
0.13479706645011902
0.12820525094866753
0.13795524463057518
0.1419215090572834
0.18720738217234612
0.1592394858598709
0.16837070509791374
0.1910761035978794
0.1978653185069561
0.19962945580482483
0.22312849387526512
0.2294568121433258
0.3925085514783859
0.6175251044332981
0.8499861918389797
1.2411661595106125
1.5423421673476696
1.9928282499313354
2.469250187277794
3.0078619867563248
3.267659217119217
10.440711505711079
21.648219395428896
37.34450113773346
53.65945244953036
73.32875106111169
108.58341303095222
133.75930809229612
167.82925099506974
200.64255282655358
