Lmod has detected the following error: The following module(s) are unknown:
"languages/anaconda/2020-3.8.5"

Please check the spelling or version number. Also try "module spider ..."
It is also possible your cache file is out-of-date; it may help to try:
  $ module --ignore_cache load "languages/anaconda/2020-3.8.5"

Also make sure that all modulefiles written in TCL start with the string
#%Module



9.854882955551147e-05
0.00018893182277679443
0.00032129138708114624
0.0004599355161190033
0.0006624162197113037
0.0008579976856708527
0.0010860450565814972
0.001324441283941269
0.0013790056109428406
0.0017627924680709839
0.0020069777965545654
0.006819196045398712
0.014537807554006577
0.025312062352895737
0.03810850530862808
0.05420665442943573
0.07159747928380966
0.09723978117108345
0.09536122530698776
0.11990445107221603
0.1456460952758789
0.5876930356025696
1.2824998386204243
2.2894275449216366
3.5632048659026623
5.025189962238073
7.035961087793112
9.021460384130478
9.065741788595915
11.3171681240201
14.743424896150827
55.55752367898822
130.73310117423534
223.7626367919147
361.1962553374469
507.6681130900979
704.5679771080613
938.2822673544288
1117.7246467769146
1367.3041288293898