Lmod has detected the following error: The following module(s) are unknown:
"languages/anaconda/2020-3.8.5"

Please check the spelling or version number. Also try "module spider ..."
It is also possible your cache file is out-of-date; it may help to try:
  $ module --ignore_cache load "languages/anaconda/2020-3.8.5"

Also make sure that all modulefiles written in TCL start with the string
#%Module



0.00011327862739562988
0.00020028278231620789
0.0003334544599056244
0.0004676245152950287
0.0006460025906562805
0.000884082168340683
0.0011593438684940338
0.001378566026687622
0.0013948678970336914
0.0017146095633506775
0.002059929072856903
0.006815776228904724
0.014230620115995407
0.026446867734193802
0.0427909679710865
0.05352582409977913
0.0712459608912468
0.0953141301870346
0.09409012272953987
0.12046156451106071
0.14395999163389206
0.5770721025764942
1.2962427102029324
2.2304440401494503
3.583733357489109
4.939206995069981
7.093160752207041
9.3751752525568
9.158453531563282
11.49890597909689
14.383627094328403
57.49993706122041
127.18732576444745
225.06011338159442
355.068914975971
503.8937055282295
687.0433874577284
898.9981679730117
1109.8793445788324
1451.536598481238
