Lmod has detected the following error: The following module(s) are unknown:
"languages/anaconda/2020-3.8.5"

Please check the spelling or version number. Also try "module spider ..."
It is also possible your cache file is out-of-date; it may help to try:
  $ module --ignore_cache load "languages/anaconda/2020-3.8.5"

Also make sure that all modulefiles written in TCL start with the string
#%Module



0.0001202411949634552
0.00019564852118492126
0.00032870471477508545
0.00046408921480178833
0.0006451383233070374
0.0008738599717617035
0.0010900460183620453
0.0014224350452423096
0.0013865865767002106
0.0017562061548233032
0.002003692090511322
0.006663721054792404
0.014345869421958923
0.02481243759393692
0.03771628066897392
0.05422745272517204
0.07172110304236412
0.09602593630552292
0.0922657661139965
0.12189161032438278
0.1466103196144104
0.5576138347387314
1.4017271362245083
2.365908220410347
3.687308080494404
4.995077315717936
6.94091547653079
9.23738169670105
9.385140359401703
11.881646901369095
14.942995149642229
56.34962701797485
127.23944753035903
229.49546925351024
351.6857467032969
526.7071443982422
844.5257976651192
908.1625740714371
1157.1705553643405
1381.1540467850864
