10 processes 1-1000 bodies
0.0020313262939453125
0.0021910667419433594
0.0023949146270751953
0.002498626708984375
0.002550840377807617
0.0026938915252685547
0.002758026123046875
0.0028772354125976562
0.0029952526092529297
0.003099203109741211
0.004247426986694336
0.005625247955322266
0.0070078372955322266
0.009172201156616211
0.010981082916259766
0.01406717300415039
0.016384124755859375
0.020038366317749023
0.02387690544128418
0.07500600814819336
0.16432595252990723
0.2634119987487793
0.3955349922180176
0.5466609001159668
0.9721627235412598
1.069380760192871
1.2671990394592285
1.6536598205566406
10 processes 1-1000 bodies
0.002032041549682617
0.0021581649780273438
0.002353191375732422
0.0024271011352539062
0.002493143081665039
0.002658843994140625
0.0029230117797851562
0.0028738975524902344
0.0032629966735839844
0.003055095672607422
0.004195451736450195
0.005502223968505859
0.0072247982025146484
0.008821964263916016
0.011324882507324219
0.014713287353515625
0.01714801788330078
0.021055936813354492
0.023684024810791016
0.07154417037963867
0.16408181190490723
0.29218530654907227
0.38819217681884766
0.5677998065948486
0.9144587516784668
1.0308313369750977
1.2281758785247803
1.4957430362701416
10 processes 1-1000 bodies
0.0021140575408935547
0.0022592544555664062
0.0022962093353271484
0.0024759769439697266
0.0025987625122070312
0.0026209354400634766
0.0028066635131835938
0.0029740333557128906
0.0030994415283203125
0.0032672882080078125
0.0041790008544921875
0.005530357360839844
0.0072040557861328125
0.009021997451782227
0.011903047561645508
0.01373600959777832
0.016510009765625
0.019726037979125977
0.02325606346130371
0.08049488067626953
0.15559697151184082
0.2550499439239502
0.41193437576293945
0.5882430076599121
0.7421932220458984
1.0563380718231201
1.4031589031219482
1.5747363567352295
