10 threads 1 - 1000 bodies
0.12833653949201107
0.14370227977633476
0.12432236690074205
0.12865255028009415
0.1534161390736699
0.14028422255069017
0.14608778897672892
0.13003935851156712
0.16110959369689226
0.13282939698547125
0.14650827273726463
0.1674338774755597
0.19568400457501411
0.171242062933743
0.18705382384359837
0.21481303591281176
0.22903754375874996
0.204501879401505
0.23950153589248657
0.36256441194564104
0.49744821432977915
0.660466936416924
0.8319578906521201
1.0266716871410608
1.2953956983983517
1.5383978355675936
1.8635303359478712
2.183496885932982
10 threads 1 - 1000 bodies
0.1252515548840165
0.12735447566956282
0.12689666356891394
0.13319067377597094
0.15087096951901913
0.1375268092378974
0.12773949652910233
0.15449034702032804
0.13371645100414753
0.14350873045623302
0.17037749104201794
0.16366442665457726
0.22526981309056282
0.17279498185962439
0.18903339561074972
0.2080847406759858
0.22856692597270012
0.22358262725174427
0.23253661766648293
0.35058393608778715
0.5021526729688048
0.6536066634580493
0.8237312827259302
1.026837500743568
1.3215086534619331
1.730002106167376
1.9386890232563019
2.226989093236625
10 threads 1 - 1000 bodies
0.15200725197792053
0.12876860052347183
0.1257229009643197
0.1531807128340006
0.12541926000267267
0.13940772227942944
0.13064454402774572
0.14131485112011433
0.15474014356732368
0.1315180053934455
0.15670895483344793
0.1832824181765318
0.19717490021139383
0.1948721893131733
0.21282529644668102
0.20300037879496813
0.22713794838637114
0.2164963036775589
0.2533980440348387
0.3675321117043495
0.4884466491639614
0.6513547590002418
0.8411595886573195
1.091506326571107
1.2715263906866312
1.6162692289799452
1.8715581530705094
2.1662580026313663
