12 processes 1-1000 bodies
0.0030341148376464844
0.0023040771484375
0.002435922622680664
0.0027441978454589844
0.002885103225708008
0.003049135208129883
0.0028760433197021484
0.0030601024627685547
0.0032062530517578125
0.0034220218658447266
0.004393100738525391
0.00617218017578125
0.0071392059326171875
0.009235858917236328
0.01060795783996582
0.01268625259399414
0.015113353729248047
0.019282102584838867
0.021529197692871094
0.06558084487915039
0.14931201934814453
0.24372100830078125
0.36242032051086426
0.543715238571167
0.6156888008117676
0.8591721057891846
1.085218906402588
1.4303197860717773
12 processes 1-1000 bodies
0.002213001251220703
0.002360820770263672
0.0026030540466308594
0.002625703811645508
0.002753019332885742
0.0029222965240478516
0.0028939247131347656
0.0030460357666015625
0.003123044967651367
0.0034868717193603516
0.004315614700317383
0.005695819854736328
0.007180929183959961
0.00968790054321289
0.010703086853027344
0.01326608657836914
0.016710281372070312
0.01912403106689453
0.022970199584960938
0.07307028770446777
0.1399986743927002
0.23142313957214355
0.3520941734313965
0.5666251182556152
0.7460741996765137
0.9122998714447021
1.1043729782104492
1.2734160423278809
12 processes 1-1000 bodies
0.002421140670776367
0.002330780029296875
0.0025148391723632812
0.0028150081634521484
0.002749204635620117
0.003036022186279297
0.0029218196868896484
0.0031261444091796875
0.003127574920654297
0.003381967544555664
0.004439353942871094
0.0057468414306640625
0.007105827331542969
0.009091854095458984
0.01071310043334961
0.012680292129516602
0.016343355178833008
0.019477128982543945
0.021504878997802734
0.07058095932006836
0.12918806076049805
0.25888538360595703
0.39341115951538086
0.4895358085632324
0.6765203475952148
0.9120581150054932
1.0476093292236328
1.448052167892456

12 processes 1-1000 bodies
5.0870959758758545
10.892614126205444
20.136883020401
35.85096096992493
46.972304582595825
60.80640697479248
86.97502732276917
107.23078799247742
128.73677372932434
12 processes 1-1000 bodies
4.945405721664429
11.158077001571655
19.449846029281616
32.58998441696167
42.84111022949219
62.853458881378174
84.68448948860168
101.28639602661133
119.26392197608948
12 processes 1-1000 bodies
5.284596681594849
11.865156173706055
21.03275442123413
31.217077493667603
43.84094309806824
61.28995084762573
80.99020409584045
98.00342845916748
121.58385848999023
