12 threads 1 - 1000 bodies
0.14600915741175413
0.16027562506496906
0.14567899703979492
0.15899735875427723
0.14373966120183468
0.14868576359003782
0.14947592187672853
0.1720958948135376
0.1519039524719119
0.16898390743881464
0.19767398200929165
0.18937932699918747
0.250654767267406
0.21978084184229374
0.23779281321913004
0.22243852075189352
0.24755106680095196
0.2618026724085212
0.26478687301278114
0.3943226495757699
0.5315721957013011
0.6811008062213659
0.8640718376263976
1.115566317923367
1.2687428100034595
1.530697874724865
1.843122753314674
2.0935336211696267
12 threads 1 - 1000 bodies
0.15741611924022436
0.15954640693962574
0.16908578295260668
0.15571598522365093
0.14549115020781755
0.15478483401238918
0.18456946406513453
0.17028044071048498
0.15101545490324497
0.17027303483337164
0.18144536763429642
0.18410894740372896
0.2329415362328291
0.18868097942322493
0.2078661471605301
0.22966525424271822
0.24261070135980844
0.27015415392816067
0.2462206995114684
0.39243235159665346
0.525323630310595
0.6744565106928349
0.8681187350302935
1.0388677902519703
1.3087450293824077
1.6238142177462578
1.8096848027780652
2.0815329113975167
12 threads 1 - 1000 bodies
0.15487212128937244
0.15887219458818436
0.1507706120610237
0.14634840935468674
0.16763821057975292
0.1432697232812643
0.16495297756046057
0.17130543291568756
0.17182406596839428
0.15311360731720924
0.18444248475134373
0.21771887969225645
0.21108684968203306
0.1875291569158435
0.2055692197754979
0.24538831133395433
0.24521715566515923
0.26240510679781437
0.2519101230427623
0.3783929068595171
0.5267992811277509
0.6667489819228649
0.8604641640558839
1.0219116611406207
1.305274331010878
1.5835733963176608
1.8438250366598368
2.182030649855733
