1 processes 1-1000 bodies
0.0011200904846191406
0.0012669563293457031
0.0015659332275390625
0.0018029212951660156
0.0020401477813720703
0.0023691654205322266
0.002688884735107422
0.003049135208129883
0.0032837390899658203
0.0038263797760009766
0.009789228439331055
0.018576860427856445
0.028379440307617188
0.04253411293029785
0.05846095085144043
0.07832908630371094
0.09996509552001953
0.14580512046813965
0.1662149429321289
0.5793638229370117
1.2987627983093262
2.2851243019104004
3.510427951812744
6.6024088859558105
7.830739498138428
9.048395156860352
11.468977689743042
14.064058780670166
1 processes 1-1000 bodies
0.0011019706726074219
0.0013489723205566406
0.0015308856964111328
0.001798391342163086
0.002070903778076172
0.002370119094848633
0.002658843994140625
0.002961397171020508
0.0033550262451171875
0.003787994384765625
0.009310007095336914
0.018836259841918945
0.028403282165527344
0.04117584228515625
0.057144880294799805
0.08995914459228516
0.09967803955078125
0.1343836784362793
0.15390253067016602
0.5849871635437012
1.3525667190551758
2.2954254150390625
4.361258029937744
5.3579442501068115
6.993242025375366
9.065529108047485
11.317526817321777
14.343488216400146
1 processes 1-1000 bodies
0.0011332035064697266
0.0013489723205566406
0.0015461444854736328
0.0017728805541992188
0.002002716064453125
0.0023267269134521484
0.0026407241821289062
0.0030050277709960938
0.0033140182495117188
0.0037436485290527344
0.010059118270874023
0.018092870712280273
0.027420997619628906
0.04258894920349121
0.05852198600769043
0.07936978340148926
0.10179901123046875
0.12032318115234375
0.15237736701965332
0.6110899448394775
1.2493348121643066
2.448390007019043
3.7967963218688965
5.003954887390137
7.011449575424194
8.759440898895264
11.534785032272339
14.19306755065918
