1 threads 1 - 1000 bodies
0.09325281530618668
0.10824912786483765
0.10156755149364471
0.13871658593416214
0.14663900434970856
0.15745685994625092
0.185862448066473
0.17395614460110664
0.17826729640364647
0.195687934756279
0.1831367239356041
0.13959496095776558
0.1510782204568386
0.1908361203968525
0.1819559745490551
0.2102605476975441
0.22845663130283356
0.2348436750471592
0.309483177959919
0.7507557049393654
1.7668695449829102
2.4544239304959774
3.884919084608555
5.777535881847143
9.279165763407946
9.475901901721954
12.142516039311886
14.780096873641014
