1 threads 1 - 10000 bodies
0.19163689203560352
0.15002334956079721
0.15122674964368343
0.1393310446292162
0.10070412512868643
0.13117675483226776
0.15166861098259687
0.09952429309487343
0.15896327700465918
0.19330830685794353
0.0975658344104886
0.13393954187631607
0.10972351022064686
0.18444036040455103
0.2276240447536111
0.21074192970991135
0.2310581188648939
0.22536399494856596
0.28304683044552803
0.7074829917401075
1.4439135929569602
2.545889259316027
3.820110089145601
5.429290717467666
7.166465250775218
9.544801330193877
11.83391150739044
14.772216057404876
58.66488582268357
130.44254554156214
234.2729947268963
353.48304107040167
510.5004969211295
701.72175546363
901.0283516691998
1118.960950073786
1494.8618260947987
