1 threads 1 - 1000 bodies
0.09419180452823639
0.1656384952366352
0.1678800731897354
0.15217158943414688
0.12415097281336784
0.14084790647029877
0.12584665045142174
0.17443589121103287
0.14408181607723236
0.12305912002921104
0.1513744667172432
0.15098020061850548
0.10625709220767021
0.20048969611525536
0.19515228644013405
0.28356483206152916
0.18214349448680878
0.2240685522556305
0.2563411667943001
0.7305426485836506
1.5054857060313225
2.4498595595359802
3.766932040452957
5.35352623835206
7.267539720982313
9.448061928153038
11.814590752124786
14.962071720510721
