2 processes 1-1000 bodies
0.0012660026550292969
0.001463174819946289
0.0016548633575439453
0.0017859935760498047
0.0020012855529785156
0.0026361942291259766
0.002722024917602539
0.0025107860565185547
0.0028159618377685547
0.002931356430053711
0.006102085113525391
0.010677099227905273
0.016519784927368164
0.02395176887512207
0.03301692008972168
0.04123330116271973
0.05347728729248047
0.07303905487060547
0.08516240119934082
0.31469154357910156
0.7338447570800781
1.2422077655792236
1.8872630596160889
3.0869758129119873
3.4709293842315674
5.051950216293335
5.67766261100769
7.123341798782349
2 processes 1-1000 bodies
0.0012688636779785156
0.001455545425415039
0.0017101764678955078
0.0017769336700439453
0.0019690990447998047
0.002190113067626953
0.0027251243591308594
0.0027282238006591797
0.002939939498901367
0.002994060516357422
0.0061151981353759766
0.010589838027954102
0.016722679138183594
0.02355647087097168
0.03561568260192871
0.04650998115539551
0.055013179779052734
0.0657644271850586
0.08144617080688477
0.3257029056549072
0.723646879196167
1.1854228973388672
1.7992358207702637
2.8247711658477783
3.858051300048828
4.559071063995361
6.734670877456665
7.231107234954834
2 processes 1-1000 bodies
0.0012900829315185547
0.0014941692352294922
0.0017137527465820312
0.0017478466033935547
0.00199127197265625
0.002346515655517578
0.0027348995208740234
0.002463817596435547
0.003053903579711914
0.003026723861694336
0.006458759307861328
0.010704517364501953
0.016443967819213867
0.023666858673095703
0.03316617012023926
0.04320120811462402
0.05562305450439453
0.07191705703735352
0.08192586898803711
0.3074519634246826
0.6499612331390381
1.3009376525878906
1.9735510349273682
2.6822781562805176
3.6443660259246826
4.6465537548065186
5.775994777679443
7.76099419593811
