2 threads 1 - 1000 bodies
0.3955272436141968
0.053059354424476624
0.056168352253735065
0.053350516594946384
0.0994970602914691
0.056942607276141644
0.0794648602604866
0.12116668373346329
0.05861925892531872
0.0581846721470356
0.07767035719007254
0.07309777196496725
0.1320255659520626
0.10795882809907198
0.12647012528032064
0.10920591838657856
0.13591582234948874
0.13790770340710878
0.18003491964191198
0.39966769237071276
0.8168813232332468
1.4277561660856009
1.9890878004953265
2.932115172035992
3.759905058890581
5.189946155063808
5.947208666242659
8.256299359723926
2 threads 1 - 1000 bodies
0.05292004719376564
0.06151866912841797
0.05558510962873697
0.0554569773375988
0.09059933293610811
0.06413045711815357
0.06652869191020727
0.12416127882897854
0.0568907056003809
0.055581577122211456
0.06540487706661224
0.09890648536384106
0.15451182145625353
0.16378512233495712
0.13484955485910177
0.11276113335043192
0.1342045608907938
0.14866884518414736
0.1658916249871254
0.4183903578668833
0.7664965288713574
1.3256706586107612
2.0136827658861876
2.7960891714319587
3.7405416145920753
4.831779672764242
6.237087661400437
7.409306711517274
2 threads 1 - 1000 bodies
0.05405414756387472
0.06875418219715357
0.05567493103444576
0.05355748999863863
0.0637268628925085
0.07966497726738453
0.11183058097958565
0.08686256129294634
0.08742512855678797
0.07023302093148232
0.08415678888559341
0.08840311598032713
0.15889142081141472
0.09562405850738287
0.16021020151674747
0.1317130271345377
0.12159661576151848
0.13930584397166967
0.15170679613947868
0.39223435427993536
0.7797093316912651
1.2606962295249104
1.982199626043439
2.802928939461708
3.8306934759020805
4.995252066291869
5.956143883988261
8.146669429726899
