4 processes 1-1000 bodies
0.0015468597412109375
0.0017580986022949219
0.0020678043365478516
0.00189208984375
0.0025162696838378906
0.0022640228271484375
0.002337217330932617
0.0023751258850097656
0.002701282501220703
0.0027751922607421875
0.004754304885864258
0.007888317108154297
0.010722160339355469
0.01548314094543457
0.020251989364624023
0.028909921646118164
0.02999591827392578
0.0379488468170166
0.045662879943847656
0.1770179271697998
0.41539597511291504
0.5846729278564453
1.067518711090088
1.3713188171386719
1.8053147792816162
2.4366614818573
3.221996545791626
3.6571202278137207
4 processes 1-1000 bodies
0.00171661376953125
0.001653909683227539
0.001806020736694336
0.001852273941040039
0.002161264419555664
0.0024111270904541016
0.002348184585571289
0.0024869441986083984
0.002668142318725586
0.0028848648071289062
0.004584312438964844
0.007425785064697266
0.010320663452148438
0.014870882034301758
0.01929783821105957
0.025391340255737305
0.03365921974182129
0.03716158866882324
0.04479718208312988
0.15964102745056152
0.3390042781829834
0.6838381290435791
0.9139206409454346
1.301018238067627
2.0011274814605713
2.3334100246429443
3.2016632556915283
3.6234512329101562
4 processes 1-1000 bodies
0.0014393329620361328
0.0016937255859375
0.0018112659454345703
0.001934051513671875
0.002107381820678711
0.002290964126586914
0.002382993698120117
0.0024499893188476562
0.0026650428771972656
0.002899169921875
0.004526853561401367
0.007142066955566406
0.01001286506652832
0.01454305648803711
0.018635272979736328
0.027325153350830078
0.029929161071777344
0.04444098472595215
0.04369521141052246
0.15520000457763672
0.3743453025817871
0.6052641868591309
0.917309045791626
1.3196768760681152
1.793379783630371
2.3819515705108643
3.23516583442688
3.544577121734619
