4 threads 1 - 1000 bodies
0.08484828844666481
0.06990638747811317
0.06960995402187109
0.07059267535805702
0.07041998021304607
0.07047023810446262
0.07954519800841808
0.1096288999542594
0.08210725616663694
0.09255254920572042
0.08560591749846935
0.09924251493066549
0.11504022218286991
0.10312365740537643
0.10970357153564692
0.13181844353675842
0.13653600122779608
0.1381518803536892
0.1514800228178501
0.28445916064083576
0.49494229070842266
0.7805718639865518
1.170823530294001
1.5621763188391924
2.0011756140738726
2.7359588211402297
3.283216523937881
4.022131748497486
4 threads 1 - 1000 bodies
0.08142508286982775
0.06880036927759647
0.06921263597905636
0.0783502608537674
0.07729429565370083
0.07834943663328886
0.07579260785132647
0.07863643392920494
0.07557707373052835
0.08312305435538292
0.07987685035914183
0.09806669317185879
0.09553723316639662
0.10567814949899912
0.11710278037935495
0.11701664049178362
0.14582693576812744
0.1364598609507084
0.1447667023167014
0.2892274810001254
0.48124246299266815
0.7754212561994791
1.1710127694532275
1.5495667289942503
2.086239197291434
2.7094569532200694
3.5381449284031987
4.4877112759277225
4 threads 1 - 1000 bodies
0.07633791025727987
0.0705908965319395
0.07575562503188848
0.07909361086785793
0.06951889302581549
0.08702384307980537
0.08387421816587448
0.07342793699353933
0.0773173812776804
0.08775941003113985
0.08417928777635098
0.10268529504537582
0.0992125691846013
0.10767679009586573
0.10758580360561609
0.11641496140509844
0.14020236767828465
0.15791154652833939
0.14637466054409742
0.2850984800606966
0.4880908941850066
0.7521963063627481
1.1436089929193258
1.5728567335754633
2.190364258363843
2.7052030386403203
3.343394409865141
3.915073507465422
