6 processes 1-1000 bodies
0.002234935760498047
0.0019521713256835938
0.0028488636016845703
0.0021789073944091797
0.0029108524322509766
0.002363920211791992
0.0032618045806884766
0.0035746097564697266
0.002875089645385742
0.0029172897338867188
0.005070924758911133
0.006659030914306641
0.009444475173950195
0.012310266494750977
0.01575493812561035
0.019037961959838867
0.023040771484375
0.028010129928588867
0.03801894187927246
0.10863304138183594
0.2471332550048828
0.4025390148162842
0.6303982734680176
1.087630033493042
1.280522346496582
1.8072478771209717
2.027627944946289
2.6774673461914062
6 processes 1-1000 bodies
0.0017096996307373047
0.0019922256469726562
0.002583026885986328
0.0022242069244384766
0.0026493072509765625
0.002560853958129883
0.0025649070739746094
0.002819061279296875
0.004046916961669922
0.003504037857055664
0.004612922668457031
0.006654977798461914
0.009421348571777344
0.012238502502441406
0.014572620391845703
0.01828765869140625
0.023198843002319336
0.02624988555908203
0.03395724296569824
0.11084222793579102
0.26082682609558105
0.4315671920776367
0.6794571876525879
0.9653849601745605
1.3438692092895508
1.5925841331481934
2.063573122024536
2.78713321685791
6 processes 1-1000 bodies
0.001726388931274414
0.002377033233642578
0.002765178680419922
0.002707242965698242
0.0022170543670654297
0.002371072769165039
0.0025949478149414062
0.0028748512268066406
0.003634214401245117
0.0029497146606445312
0.0051610469818115234
0.007003068923950195
0.009591341018676758
0.012337923049926758
0.014833688735961914
0.018429279327392578
0.023496627807617188
0.02852034568786621
0.03931069374084473
0.11394953727722168
0.24368691444396973
0.43326902389526367
0.6381721496582031
0.9902441501617432
1.2245771884918213
1.623849868774414
2.069896936416626
2.743974447250366
