6 threads 1 - 1000 bodies
0.08670726232230663
0.08820313774049282
0.08754178136587143
0.08674936462193727
0.0952003188431263
0.0889475317671895
0.10040579084306955
0.09040417987853289
0.09717932809144258
0.09355769492685795
0.11056940909475088
0.10435488168150187
0.12260962836444378
0.11819736007601023
0.1377877164632082
0.15775293204933405
0.14755104575306177
0.17426862567663193
0.16362321842461824
0.29394092317670584
0.44921136647462845
0.6902362406253815
0.9084090562537313
1.1898739002645016
1.5960658732801676
1.9750641817227006
2.4546618591994047
2.8211918314918876
6 threads 1 - 1000 bodies
0.0862548453733325
0.08777295611798763
0.09751050174236298
0.09108595084398985
0.08737866207957268
0.10206151474267244
0.08965065609663725
0.09481759835034609
0.09274695720523596
0.09817336685955524
0.11126192286610603
0.10885838232934475
0.12207543291151524
0.11878206767141819
0.13802540116012096
0.1653465973213315
0.15068797394633293
0.16543896310031414
0.1728347297757864
0.2842730861157179
0.4568221177905798
0.6333869537338614
0.9124098494648933
1.1640224028378725
1.5870852321386337
1.9766222042962909
2.364231607876718
3.0514599764719605
6 threads 1 - 1000 bodies
0.10038261394947767
0.0949262036010623
0.1069237096235156
0.09676890354603529
0.09214116353541613
0.0953772310167551
0.09062307514250278
0.09230040851980448
0.11020117625594139
0.10199396125972271
0.1108411829918623
0.10782013460993767
0.13347109220921993
0.12003067508339882
0.14555298164486885
0.14555830135941505
0.15974730718880892
0.1668773526325822
0.16103819850832224
0.28695541713386774
0.44338142313063145
0.6568371690809727
0.9079292193055153
1.2089887484908104
1.5788132939487696
2.0431305980309844
2.347113602794707
2.862615748308599
