8 processes 1-1000 bodies
0.0028944015502929688
0.002946138381958008
0.0023169517517089844
0.0023419857025146484
0.0030319690704345703
0.0026590824127197266
0.003476858139038086
0.0027420520782470703
0.003180980682373047
0.003253936767578125
0.004991054534912109
0.005872011184692383
0.008695840835571289
0.010378837585449219
0.012992382049560547
0.01713395118713379
0.020837783813476562
0.02464771270751953
0.028000354766845703
0.09446096420288086
0.1995244026184082
0.32335686683654785
0.5300478935241699
0.6851813793182373
0.992887020111084
1.21433424949646
1.6470184326171875
1.899123191833496
8 processes 1-1000 bodies
0.002445220947265625
0.0027849674224853516
0.0030961036682128906
0.0027840137481689453
0.0025403499603271484
0.0030591487884521484
0.0026726722717285156
0.0030281543731689453
0.003053903579711914
0.003865480422973633
0.0050199031829833984
0.0061719417572021484
0.00810384750366211
0.010767221450805664
0.013163089752197266
0.01661515235900879
0.018578767776489258
0.024274110794067383
0.027689218521118164
0.0897979736328125
0.19554877281188965
0.32547688484191895
0.5493319034576416
0.7347524166107178
0.9777345657348633
1.2911467552185059
1.5370984077453613
2.0195119380950928
8 processes 1-1000 bodies
0.0024650096893310547
0.0020508766174316406
0.0023190975189208984
0.002935171127319336
0.0024416446685791016
0.0030698776245117188
0.0035822391510009766
0.002687215805053711
0.003165006637573242
0.003891468048095703
0.004843473434448242
0.0064203739166259766
0.0078008174896240234
0.011635303497314453
0.012749910354614258
0.015856027603149414
0.020457983016967773
0.023411273956298828
0.027299165725708008
0.08865499496459961
0.1846170425415039
0.33636903762817383
0.515700101852417
0.698012113571167
1.0327162742614746
1.219364881515503
1.5041799545288086
1.8578672409057617
