8 threads 1 - 1000 bodies
0.12162754777818918
0.11688806116580963
0.10965768527239561
0.11987348180264235
0.10879958793520927
0.11916039884090424
0.12309249863028526
0.1218477739021182
0.11041370034217834
0.11793354898691177
0.1295819180086255
0.15360682364553213
0.1618339866399765
0.1559280902147293
0.1690912740305066
0.16057591792196035
0.19293257128447294
0.1873914124444127
0.193222276866436
0.2962794881314039
0.45026110857725143
0.6131340572610497
0.8489410383626819
1.0787958530709147
1.3612993229180574
1.7001326652243733
2.080835868604481
2.4021913716569543
8 threads 1 - 1000 bodies
0.10524528287351131
0.10725971776992083
0.12850071024149656
0.1164118992164731
0.11636416427791119
0.11602476891130209
0.10742998123168945
0.13029404543340206
0.12219614814966917
0.13230576645582914
0.12657027691602707
0.14786306396126747
0.16361598297953606
0.15263238549232483
0.1901009799912572
0.16180009208619595
0.17465770058333874
0.1996384160593152
0.2112855538725853
0.30469664093106985
0.45660274755209684
0.6301689893007278
0.8514663260430098
1.0873523661866784
1.35507442522794
1.719479183666408
2.098572907038033
2.439465635456145
8 threads 1 - 1000 bodies
0.12123011332005262
0.10439249780029058
0.10754755511879921
0.11776736099272966
0.1269069593399763
0.10652889590710402
0.12234260700643063
0.11097710020840168
0.1223981361836195
0.12626792211085558
0.14108286798000336
0.14873561076819897
0.15303566958755255
0.1647870047017932
0.16696009505540133
0.15895770769566298
0.195886948145926
0.19827776495367289
0.1893405094742775
0.3122441042214632
0.4474421739578247
0.6215387620031834
0.824656211771071
1.0647660065442324
1.3407884985208511
1.6544035030528903
2.064108003862202
2.4770625913515687
