1-12 threads 1000 bodies
18.076945070177317
9.498350329697132
4.887641068547964
3.692484572529793
3.078170295804739
2.795504901558161
2.552355345338583
2.595401931554079
2.61416894569993
2.634600829333067
2.7561285868287086
2.714196588844061
3.0124317333102226
3.0079947635531425
3.3489388041198254
1-12 threads 1000 bodies
17.32629309222102
9.687156789004803
4.876714311540127
3.4708267599344254
2.9759154096245766
2.6305480636656284
2.630627326667309
2.498515758663416
2.551838718354702
2.7046196945011616
2.7533604353666306
2.8817478828132153
2.8408167883753777
3.07731169462204
3.4140990376472473
1-12 threads 1000 bodies
17.799638032913208
10.461403489112854
4.837560780346394
3.643260557204485
3.126387819647789
2.6935706473886967
2.5299597941339016
2.5916358530521393
2.532359503209591
2.836729735136032
2.7470133751630783
2.840562779456377
2.8502783700823784
3.147952761501074
3.3370984718203545
