1-12 threads 100 bodies
0.5000692345201969
0.17477570101618767
0.14678708836436272
0.17088735103607178
0.19302412495017052
0.2372080199420452
0.2443951964378357
0.30815326794981956
0.34569577500224113
0.35270752385258675
0.4082518108189106
0.389642134308815
0.43960411474108696
0.6261091157793999
0.6969620510935783
1-12 threads 100 bodies
0.2990533225238323
0.15549398958683014
0.1475854404270649
0.17300180345773697
0.20952633023262024
0.24067163467407227
0.2479151226580143
0.31103765591979027
0.34402763843536377
0.3812510780990124
0.3847770690917969
0.44269903004169464
0.4350242130458355
0.6501200906932354
0.6401440612971783
1-12 threads 100 bodies
0.2868783250451088
0.15794473141431808
0.15365542471408844
0.1707610860466957
0.18801496177911758
0.26568298414349556
0.2570999674499035
0.3216117173433304
0.3472256772220135
0.3451481834053993
0.37892377004027367
0.3868713974952698
0.4417189694941044
0.6300914734601974
0.661011666059494
