1-12 threads 10 bodies
0.25204911082983017
0.0668627880513668
0.08428987488150597
0.10489102452993393
0.12792431190609932
0.1468338966369629
0.14950838685035706
0.16679882630705833
0.19836343824863434
0.20597777515649796
0.24544598907232285
0.24632909893989563
0.26593878865242004
0.3604428097605705
0.3518796041607857
1-12 threads 10 bodies
0.17552246153354645
0.06251252070069313
0.08527496829628944
0.1020800843834877
0.13057366013526917
0.12968900427222252
0.16813695430755615
0.17135834693908691
0.23823906853795052
0.20672079175710678
0.23220963031053543
0.25655945017933846
0.2680787369608879
0.31514526158571243
0.33614952489733696
1-12 threads 10 bodies
0.1466250866651535
0.06416887789964676
0.101714588701725
0.09354055300354958
0.12357041984796524
0.14765310287475586
0.18979910388588905
0.17180583998560905
0.24107912927865982
0.23737334832549095
0.22323188930749893
0.27132967486977577
0.3290413022041321
0.30089082941412926
0.35815705731511116
