1-12 threads 500 bodies
4.157712422311306
1.9446442909538746
1.14633459597826
0.9142528846859932
0.8277208060026169
0.8227772153913975
0.8338771015405655
0.9581311829388142
0.9724892638623714
1.116471752524376
1.0524917617440224
1.2184244431555271
1.1453251130878925
1.4200573079288006
1.3828683458268642
1-12 threads 500 bodies
3.9187308214604855
1.9520188085734844
1.1288492232561111
0.8981215804815292
0.8476327136158943
0.8075934238731861
0.8291968964040279
0.91625702008605
0.9825452454388142
1.0450354181230068
1.1169565878808498
1.2335414551198483
1.1766117252409458
1.3612361960113049
1.3872368186712265
1-12 threads 500 bodies
3.702712092548609
2.09683158621192
1.137643400579691
0.8899266459047794
0.8287266828119755
0.8150483630597591
0.8603121675550938
0.9226086102426052
0.9470282718539238
1.0318553745746613
1.0850753001868725
1.2215594574809074
1.2991556078195572
1.350484438240528
1.4009088426828384
