1-12 threads 50 bodies
0.16509020701050758
0.15324610099196434
0.11164363101124763
0.1310696080327034
0.17556718364357948
0.19203514233231544
0.18979373201727867
0.26925772801041603
0.314103577286005
0.3059824965894222
0.3634863644838333
0.34055575355887413
0.3719738535583019
0.38679757714271545
0.47683873027563095
1-12 threads 50 bodies
0.1795123629271984
0.11571411043405533
0.10520682111382484
0.12079159542918205
0.1651449352502823
0.1696157418191433
0.1910202018916607
0.2811182960867882
0.2899816632270813
0.3372734934091568
0.3316037580370903
0.3785057030618191
0.4238281063735485
0.4144504889845848
0.4773730933666229
1-12 threads 50 bodies
0.16281453520059586
0.11373557150363922
0.11800169199705124
0.12229323759675026
0.17270183935761452
0.19002044573426247
0.18846511095762253
0.2912166975438595
0.3268483504652977
0.31178080663084984
0.32883309945464134
0.394253209233284
0.4025329686701298
0.39364168420434
0.4078587666153908
