15 processes 10
0.005124330520629883
15 processes 10
0.005080223083496094
15 processes 10
0.005383968353271484
15 processes 50
0.010126829147338867
15 processes 50
0.010653018951416016
15 processes 50
0.009944915771484375
15 processes 100
0.02025914192199707
15 processes 100
0.020846128463745117
15 processes 100
0.022780179977416992
15 processes 500
0.33380699157714844
15 processes 500
0.34770703315734863
15 processes 500
0.363476037979126
15 processes 1000
1.2937376499176025
15 processes 1000
1.2188029289245605
15 processes 1000
1.368408203125
