20 processes 10
0.006083011627197266
20 processes 10
0.006190776824951172
20 processes 10
0.006110668182373047
20 processes 50
0.010579109191894531
20 processes 50
0.010838031768798828
20 processes 50
0.010715723037719727
20 processes 100
0.020088672637939453
20 processes 100
0.019474029541015625
20 processes 100
0.019910097122192383
20 processes 500
0.29223108291625977
20 processes 500
0.25505661964416504
20 processes 500
0.265653133392334
20 processes 1000
0.9678261280059814
20 processes 1000
1.0913159847259521
20 processes 1000
1.0465223789215088
