10 processes 10
0.00459742546081543
10 processes 10
0.004678487777709961
10 processes 10
0.004553556442260742
10 processes 50
0.01046442985534668
10 processes 50
0.01049494743347168
10 processes 50
0.0107421875
10 processes 100
0.023426294326782227
10 processes 100
0.026609182357788086
10 processes 100
0.024465084075927734
10 processes 500
0.46779537200927734
10 processes 500
0.4345424175262451
10 processes 500
0.4171168804168701
10 processes 1000
1.665480136871338
10 processes 1000
1.783277988433838
10 processes 1000
1.572443962097168
